Copyright 1986-2022 Xilinx, Inc. All Rights Reserved. Copyright 2022-2025 Advanced Micro Devices, Inc. All Rights Reserved.
---------------------------------------------------------------------------------------------------------------------------------------------
| Tool Version : Vivado v.2025.2 (win64) Build 6299465 Fri Nov 14 19:35:11 GMT 2025
| Date         : Thu Mar 12 15:18:42 2026
| Host         : Hari running 64-bit major release  (build 9200)
| Command      : report_drc -file design_1_wrapper_drc_opted.rpt -pb design_1_wrapper_drc_opted.pb -rpx design_1_wrapper_drc_opted.rpx
| Design       : design_1_wrapper
| Device       : xc7z020clg484-1
| Speed File   : -1
| Design State : Synthesized
---------------------------------------------------------------------------------------------------------------------------------------------

Report DRC

Table of Contents
-----------------
1. REPORT SUMMARY
2. REPORT DETAILS

1. REPORT SUMMARY
-----------------
            Netlist: netlist
          Floorplan: design_1
      Design limits: <entire design considered>
           Ruledeck: default
             Max checks: <unlimited>
             Checks found: 42
+-----------+----------+----------------------------+--------+
| Rule      | Severity | Description                | Checks |
+-----------+----------+----------------------------+--------+
| CHECK-3   | Warning  | Report rule limit reached  | 2      |
| REQP-1839 | Warning  | RAMB36 async control check | 20     |
| REQP-1840 | Warning  | RAMB18 async control check | 20     |
+-----------+----------+----------------------------+--------+

2. REPORT DETAILS
-----------------
CHECK-3#1 Warning
Report rule limit reached  
REQP-1839 rule limit reached: 20 violations have been found.
Related violations: <none>

CHECK-3#2 Warning
Report rule limit reached  
REQP-1840 rule limit reached: 20 violations have been found.
Related violations: <none>

REQP-1839#1 Warning
RAMB36 async control check  
The RAMB36E1 design_1_i/top_zedboard_0/inst/bram_if1/mem_reg_0 has an input control pin design_1_i/top_zedboard_0/inst/bram_if1/mem_reg_0/ADDRARDADDR[12] (net: design_1_i/top_zedboard_0/inst/bram_if1/p_2_in[8]) which is driven by a register (design_1_i/top_zedboard_0/inst/accelerator_core/L2_BRAM_IF1_ADDR_temp_reg[8]) that has an active asychronous set or reset. This may cause corruption of the memory contents and/or read values when the set/reset is asserted and is not analyzed by the default static timing analysis. It is suggested to eliminate the use of a set/reset to registers driving this RAMB pin or else use a synchronous reset in which the assertion of the reset is timed by default.
Related violations: <none>

REQP-1839#2 Warning
RAMB36 async control check  
The RAMB36E1 design_1_i/top_zedboard_0/inst/bram_if1/mem_reg_0 has an input control pin design_1_i/top_zedboard_0/inst/bram_if1/mem_reg_0/ADDRARDADDR[12] (net: design_1_i/top_zedboard_0/inst/bram_if1/p_2_in[8]) which is driven by a register (design_1_i/top_zedboard_0/inst/accelerator_core/base_addr_c_reg[2]) that has an active asychronous set or reset. This may cause corruption of the memory contents and/or read values when the set/reset is asserted and is not analyzed by the default static timing analysis. It is suggested to eliminate the use of a set/reset to registers driving this RAMB pin or else use a synchronous reset in which the assertion of the reset is timed by default.
Related violations: <none>

REQP-1839#3 Warning
RAMB36 async control check  
The RAMB36E1 design_1_i/top_zedboard_0/inst/bram_if1/mem_reg_0 has an input control pin design_1_i/top_zedboard_0/inst/bram_if1/mem_reg_0/ADDRARDADDR[12] (net: design_1_i/top_zedboard_0/inst/bram_if1/p_2_in[8]) which is driven by a register (design_1_i/top_zedboard_0/inst/accelerator_core/base_addr_c_reg[4]) that has an active asychronous set or reset. This may cause corruption of the memory contents and/or read values when the set/reset is asserted and is not analyzed by the default static timing analysis. It is suggested to eliminate the use of a set/reset to registers driving this RAMB pin or else use a synchronous reset in which the assertion of the reset is timed by default.
Related violations: <none>

REQP-1839#4 Warning
RAMB36 async control check  
The RAMB36E1 design_1_i/top_zedboard_0/inst/bram_if1/mem_reg_0 has an input control pin design_1_i/top_zedboard_0/inst/bram_if1/mem_reg_0/ADDRARDADDR[12] (net: design_1_i/top_zedboard_0/inst/bram_if1/p_2_in[8]) which is driven by a register (design_1_i/top_zedboard_0/inst/accelerator_core/base_addr_c_reg[6]) that has an active asychronous set or reset. This may cause corruption of the memory contents and/or read values when the set/reset is asserted and is not analyzed by the default static timing analysis. It is suggested to eliminate the use of a set/reset to registers driving this RAMB pin or else use a synchronous reset in which the assertion of the reset is timed by default.
Related violations: <none>

REQP-1839#5 Warning
RAMB36 async control check  
The RAMB36E1 design_1_i/top_zedboard_0/inst/bram_if1/mem_reg_0 has an input control pin design_1_i/top_zedboard_0/inst/bram_if1/mem_reg_0/ADDRARDADDR[12] (net: design_1_i/top_zedboard_0/inst/bram_if1/p_2_in[8]) which is driven by a register (design_1_i/top_zedboard_0/inst/accelerator_core/base_addr_c_reg[7]) that has an active asychronous set or reset. This may cause corruption of the memory contents and/or read values when the set/reset is asserted and is not analyzed by the default static timing analysis. It is suggested to eliminate the use of a set/reset to registers driving this RAMB pin or else use a synchronous reset in which the assertion of the reset is timed by default.
Related violations: <none>

REQP-1839#6 Warning
RAMB36 async control check  
The RAMB36E1 design_1_i/top_zedboard_0/inst/bram_if1/mem_reg_0 has an input control pin design_1_i/top_zedboard_0/inst/bram_if1/mem_reg_0/ADDRARDADDR[12] (net: design_1_i/top_zedboard_0/inst/bram_if1/p_2_in[8]) which is driven by a register (design_1_i/top_zedboard_0/inst/accelerator_core/base_addr_r_reg[0]) that has an active asychronous set or reset. This may cause corruption of the memory contents and/or read values when the set/reset is asserted and is not analyzed by the default static timing analysis. It is suggested to eliminate the use of a set/reset to registers driving this RAMB pin or else use a synchronous reset in which the assertion of the reset is timed by default.
Related violations: <none>

REQP-1839#7 Warning
RAMB36 async control check  
The RAMB36E1 design_1_i/top_zedboard_0/inst/bram_if1/mem_reg_0 has an input control pin design_1_i/top_zedboard_0/inst/bram_if1/mem_reg_0/ADDRARDADDR[12] (net: design_1_i/top_zedboard_0/inst/bram_if1/p_2_in[8]) which is driven by a register (design_1_i/top_zedboard_0/inst/accelerator_core/base_addr_r_reg[2]) that has an active asychronous set or reset. This may cause corruption of the memory contents and/or read values when the set/reset is asserted and is not analyzed by the default static timing analysis. It is suggested to eliminate the use of a set/reset to registers driving this RAMB pin or else use a synchronous reset in which the assertion of the reset is timed by default.
Related violations: <none>

REQP-1839#8 Warning
RAMB36 async control check  
The RAMB36E1 design_1_i/top_zedboard_0/inst/bram_if1/mem_reg_0 has an input control pin design_1_i/top_zedboard_0/inst/bram_if1/mem_reg_0/ADDRARDADDR[12] (net: design_1_i/top_zedboard_0/inst/bram_if1/p_2_in[8]) which is driven by a register (design_1_i/top_zedboard_0/inst/accelerator_core/base_addr_r_reg[3]) that has an active asychronous set or reset. This may cause corruption of the memory contents and/or read values when the set/reset is asserted and is not analyzed by the default static timing analysis. It is suggested to eliminate the use of a set/reset to registers driving this RAMB pin or else use a synchronous reset in which the assertion of the reset is timed by default.
Related violations: <none>

REQP-1839#9 Warning
RAMB36 async control check  
The RAMB36E1 design_1_i/top_zedboard_0/inst/bram_if1/mem_reg_0 has an input control pin design_1_i/top_zedboard_0/inst/bram_if1/mem_reg_0/ADDRARDADDR[13] (net: design_1_i/top_zedboard_0/inst/bram_if1/p_2_in[9]) which is driven by a register (design_1_i/top_zedboard_0/inst/accelerator_core/L2_BRAM_IF1_ADDR_temp_reg[9]) that has an active asychronous set or reset. This may cause corruption of the memory contents and/or read values when the set/reset is asserted and is not analyzed by the default static timing analysis. It is suggested to eliminate the use of a set/reset to registers driving this RAMB pin or else use a synchronous reset in which the assertion of the reset is timed by default.
Related violations: <none>

REQP-1839#10 Warning
RAMB36 async control check  
The RAMB36E1 design_1_i/top_zedboard_0/inst/bram_if1/mem_reg_0 has an input control pin design_1_i/top_zedboard_0/inst/bram_if1/mem_reg_0/ADDRARDADDR[13] (net: design_1_i/top_zedboard_0/inst/bram_if1/p_2_in[9]) which is driven by a register (design_1_i/top_zedboard_0/inst/accelerator_core/state_reg[1]) that has an active asychronous set or reset. This may cause corruption of the memory contents and/or read values when the set/reset is asserted and is not analyzed by the default static timing analysis. It is suggested to eliminate the use of a set/reset to registers driving this RAMB pin or else use a synchronous reset in which the assertion of the reset is timed by default.
Related violations: <none>

REQP-1839#11 Warning
RAMB36 async control check  
The RAMB36E1 design_1_i/top_zedboard_0/inst/bram_if1/mem_reg_0 has an input control pin design_1_i/top_zedboard_0/inst/bram_if1/mem_reg_0/ADDRARDADDR[13] (net: design_1_i/top_zedboard_0/inst/bram_if1/p_2_in[9]) which is driven by a register (design_1_i/top_zedboard_0/inst/accelerator_core/state_reg[2]_rep__2) that has an active asychronous set or reset. This may cause corruption of the memory contents and/or read values when the set/reset is asserted and is not analyzed by the default static timing analysis. It is suggested to eliminate the use of a set/reset to registers driving this RAMB pin or else use a synchronous reset in which the assertion of the reset is timed by default.
Related violations: <none>

REQP-1839#12 Warning
RAMB36 async control check  
The RAMB36E1 design_1_i/top_zedboard_0/inst/bram_if1/mem_reg_0 has an input control pin design_1_i/top_zedboard_0/inst/bram_if1/mem_reg_0/ADDRARDADDR[13] (net: design_1_i/top_zedboard_0/inst/bram_if1/p_2_in[9]) which is driven by a register (design_1_i/top_zedboard_0/inst/accelerator_core/state_reg[3]) that has an active asychronous set or reset. This may cause corruption of the memory contents and/or read values when the set/reset is asserted and is not analyzed by the default static timing analysis. It is suggested to eliminate the use of a set/reset to registers driving this RAMB pin or else use a synchronous reset in which the assertion of the reset is timed by default.
Related violations: <none>

REQP-1839#13 Warning
RAMB36 async control check  
The RAMB36E1 design_1_i/top_zedboard_0/inst/bram_if1/mem_reg_0 has an input control pin design_1_i/top_zedboard_0/inst/bram_if1/mem_reg_0/ADDRARDADDR[13] (net: design_1_i/top_zedboard_0/inst/bram_if1/p_2_in[9]) which is driven by a register (design_1_i/top_zedboard_0/inst/accelerator_core/state_reg[4]_rep__1) that has an active asychronous set or reset. This may cause corruption of the memory contents and/or read values when the set/reset is asserted and is not analyzed by the default static timing analysis. It is suggested to eliminate the use of a set/reset to registers driving this RAMB pin or else use a synchronous reset in which the assertion of the reset is timed by default.
Related violations: <none>

REQP-1839#14 Warning
RAMB36 async control check  
The RAMB36E1 design_1_i/top_zedboard_0/inst/bram_if1/mem_reg_0 has an input control pin design_1_i/top_zedboard_0/inst/bram_if1/mem_reg_0/ADDRARDADDR[13] (net: design_1_i/top_zedboard_0/inst/bram_if1/p_2_in[9]) which is driven by a register (design_1_i/top_zedboard_0/inst/accelerator_core/state_reg[5]) that has an active asychronous set or reset. This may cause corruption of the memory contents and/or read values when the set/reset is asserted and is not analyzed by the default static timing analysis. It is suggested to eliminate the use of a set/reset to registers driving this RAMB pin or else use a synchronous reset in which the assertion of the reset is timed by default.
Related violations: <none>

REQP-1839#15 Warning
RAMB36 async control check  
The RAMB36E1 design_1_i/top_zedboard_0/inst/bram_if1/mem_reg_0 has an input control pin design_1_i/top_zedboard_0/inst/bram_if1/mem_reg_0/ADDRARDADDR[14] (net: design_1_i/top_zedboard_0/inst/bram_if1/p_2_in[10]) which is driven by a register (design_1_i/top_zedboard_0/inst/accelerator_core/L2_BRAM_IF1_ADDR_temp_reg[10]) that has an active asychronous set or reset. This may cause corruption of the memory contents and/or read values when the set/reset is asserted and is not analyzed by the default static timing analysis. It is suggested to eliminate the use of a set/reset to registers driving this RAMB pin or else use a synchronous reset in which the assertion of the reset is timed by default.
Related violations: <none>

REQP-1839#16 Warning
RAMB36 async control check  
The RAMB36E1 design_1_i/top_zedboard_0/inst/bram_if1/mem_reg_0 has an input control pin design_1_i/top_zedboard_0/inst/bram_if1/mem_reg_0/ADDRARDADDR[14] (net: design_1_i/top_zedboard_0/inst/bram_if1/p_2_in[10]) which is driven by a register (design_1_i/top_zedboard_0/inst/accelerator_core/state_reg[1]) that has an active asychronous set or reset. This may cause corruption of the memory contents and/or read values when the set/reset is asserted and is not analyzed by the default static timing analysis. It is suggested to eliminate the use of a set/reset to registers driving this RAMB pin or else use a synchronous reset in which the assertion of the reset is timed by default.
Related violations: <none>

REQP-1839#17 Warning
RAMB36 async control check  
The RAMB36E1 design_1_i/top_zedboard_0/inst/bram_if1/mem_reg_0 has an input control pin design_1_i/top_zedboard_0/inst/bram_if1/mem_reg_0/ADDRARDADDR[14] (net: design_1_i/top_zedboard_0/inst/bram_if1/p_2_in[10]) which is driven by a register (design_1_i/top_zedboard_0/inst/accelerator_core/state_reg[2]_rep__2) that has an active asychronous set or reset. This may cause corruption of the memory contents and/or read values when the set/reset is asserted and is not analyzed by the default static timing analysis. It is suggested to eliminate the use of a set/reset to registers driving this RAMB pin or else use a synchronous reset in which the assertion of the reset is timed by default.
Related violations: <none>

REQP-1839#18 Warning
RAMB36 async control check  
The RAMB36E1 design_1_i/top_zedboard_0/inst/bram_if1/mem_reg_0 has an input control pin design_1_i/top_zedboard_0/inst/bram_if1/mem_reg_0/ADDRARDADDR[14] (net: design_1_i/top_zedboard_0/inst/bram_if1/p_2_in[10]) which is driven by a register (design_1_i/top_zedboard_0/inst/accelerator_core/state_reg[3]) that has an active asychronous set or reset. This may cause corruption of the memory contents and/or read values when the set/reset is asserted and is not analyzed by the default static timing analysis. It is suggested to eliminate the use of a set/reset to registers driving this RAMB pin or else use a synchronous reset in which the assertion of the reset is timed by default.
Related violations: <none>

REQP-1839#19 Warning
RAMB36 async control check  
The RAMB36E1 design_1_i/top_zedboard_0/inst/bram_if1/mem_reg_0 has an input control pin design_1_i/top_zedboard_0/inst/bram_if1/mem_reg_0/ADDRARDADDR[14] (net: design_1_i/top_zedboard_0/inst/bram_if1/p_2_in[10]) which is driven by a register (design_1_i/top_zedboard_0/inst/accelerator_core/state_reg[4]_rep__1) that has an active asychronous set or reset. This may cause corruption of the memory contents and/or read values when the set/reset is asserted and is not analyzed by the default static timing analysis. It is suggested to eliminate the use of a set/reset to registers driving this RAMB pin or else use a synchronous reset in which the assertion of the reset is timed by default.
Related violations: <none>

REQP-1839#20 Warning
RAMB36 async control check  
The RAMB36E1 design_1_i/top_zedboard_0/inst/bram_if1/mem_reg_0 has an input control pin design_1_i/top_zedboard_0/inst/bram_if1/mem_reg_0/ADDRARDADDR[14] (net: design_1_i/top_zedboard_0/inst/bram_if1/p_2_in[10]) which is driven by a register (design_1_i/top_zedboard_0/inst/accelerator_core/state_reg[5]) that has an active asychronous set or reset. This may cause corruption of the memory contents and/or read values when the set/reset is asserted and is not analyzed by the default static timing analysis. It is suggested to eliminate the use of a set/reset to registers driving this RAMB pin or else use a synchronous reset in which the assertion of the reset is timed by default.
Related violations: <none>

REQP-1840#1 Warning
RAMB18 async control check  
The RAMB18E1 design_1_i/top_zedboard_0/inst/bram_w1/mem_reg has an input control pin design_1_i/top_zedboard_0/inst/bram_w1/mem_reg/ADDRARDADDR[10] (net: design_1_i/top_zedboard_0/inst/bram_w1/mem_reg_61[6]) which is driven by a register (design_1_i/top_zedboard_0/inst/accelerator_core/BRAM_W1_ADDR_temp_reg[6]) that has an active asychronous set or reset. This may cause corruption of the memory contents and/or read values when the set/reset is asserted and is not analyzed by the default static timing analysis. It is suggested to eliminate the use of a set/reset to registers driving this RAMB pin or else use a synchronous reset in which the assertion of the reset is timed by default.
Related violations: <none>

REQP-1840#2 Warning
RAMB18 async control check  
The RAMB18E1 design_1_i/top_zedboard_0/inst/bram_w1/mem_reg has an input control pin design_1_i/top_zedboard_0/inst/bram_w1/mem_reg/ADDRARDADDR[4] (net: design_1_i/top_zedboard_0/inst/bram_w1/mem_reg_61[0]) which is driven by a register (design_1_i/top_zedboard_0/inst/accelerator_core/BRAM_W1_ADDR_temp_reg[0]) that has an active asychronous set or reset. This may cause corruption of the memory contents and/or read values when the set/reset is asserted and is not analyzed by the default static timing analysis. It is suggested to eliminate the use of a set/reset to registers driving this RAMB pin or else use a synchronous reset in which the assertion of the reset is timed by default.
Related violations: <none>

REQP-1840#3 Warning
RAMB18 async control check  
The RAMB18E1 design_1_i/top_zedboard_0/inst/bram_w1/mem_reg has an input control pin design_1_i/top_zedboard_0/inst/bram_w1/mem_reg/ADDRARDADDR[5] (net: design_1_i/top_zedboard_0/inst/bram_w1/mem_reg_61[1]) which is driven by a register (design_1_i/top_zedboard_0/inst/accelerator_core/BRAM_W1_ADDR_temp_reg[1]) that has an active asychronous set or reset. This may cause corruption of the memory contents and/or read values when the set/reset is asserted and is not analyzed by the default static timing analysis. It is suggested to eliminate the use of a set/reset to registers driving this RAMB pin or else use a synchronous reset in which the assertion of the reset is timed by default.
Related violations: <none>

REQP-1840#4 Warning
RAMB18 async control check  
The RAMB18E1 design_1_i/top_zedboard_0/inst/bram_w1/mem_reg has an input control pin design_1_i/top_zedboard_0/inst/bram_w1/mem_reg/ADDRARDADDR[6] (net: design_1_i/top_zedboard_0/inst/bram_w1/mem_reg_61[2]) which is driven by a register (design_1_i/top_zedboard_0/inst/accelerator_core/BRAM_W1_ADDR_temp_reg[2]) that has an active asychronous set or reset. This may cause corruption of the memory contents and/or read values when the set/reset is asserted and is not analyzed by the default static timing analysis. It is suggested to eliminate the use of a set/reset to registers driving this RAMB pin or else use a synchronous reset in which the assertion of the reset is timed by default.
Related violations: <none>

REQP-1840#5 Warning
RAMB18 async control check  
The RAMB18E1 design_1_i/top_zedboard_0/inst/bram_w1/mem_reg has an input control pin design_1_i/top_zedboard_0/inst/bram_w1/mem_reg/ADDRARDADDR[7] (net: design_1_i/top_zedboard_0/inst/bram_w1/mem_reg_61[3]) which is driven by a register (design_1_i/top_zedboard_0/inst/accelerator_core/BRAM_W1_ADDR_temp_reg[3]) that has an active asychronous set or reset. This may cause corruption of the memory contents and/or read values when the set/reset is asserted and is not analyzed by the default static timing analysis. It is suggested to eliminate the use of a set/reset to registers driving this RAMB pin or else use a synchronous reset in which the assertion of the reset is timed by default.
Related violations: <none>

REQP-1840#6 Warning
RAMB18 async control check  
The RAMB18E1 design_1_i/top_zedboard_0/inst/bram_w1/mem_reg has an input control pin design_1_i/top_zedboard_0/inst/bram_w1/mem_reg/ADDRARDADDR[8] (net: design_1_i/top_zedboard_0/inst/bram_w1/mem_reg_61[4]) which is driven by a register (design_1_i/top_zedboard_0/inst/accelerator_core/BRAM_W1_ADDR_temp_reg[4]) that has an active asychronous set or reset. This may cause corruption of the memory contents and/or read values when the set/reset is asserted and is not analyzed by the default static timing analysis. It is suggested to eliminate the use of a set/reset to registers driving this RAMB pin or else use a synchronous reset in which the assertion of the reset is timed by default.
Related violations: <none>

REQP-1840#7 Warning
RAMB18 async control check  
The RAMB18E1 design_1_i/top_zedboard_0/inst/bram_w1/mem_reg has an input control pin design_1_i/top_zedboard_0/inst/bram_w1/mem_reg/ADDRARDADDR[9] (net: design_1_i/top_zedboard_0/inst/bram_w1/mem_reg_61[5]) which is driven by a register (design_1_i/top_zedboard_0/inst/accelerator_core/BRAM_W1_ADDR_temp_reg[5]) that has an active asychronous set or reset. This may cause corruption of the memory contents and/or read values when the set/reset is asserted and is not analyzed by the default static timing analysis. It is suggested to eliminate the use of a set/reset to registers driving this RAMB pin or else use a synchronous reset in which the assertion of the reset is timed by default.
Related violations: <none>

REQP-1840#8 Warning
RAMB18 async control check  
The RAMB18E1 design_1_i/top_zedboard_0/inst/bram_w1/mem_reg has an input control pin design_1_i/top_zedboard_0/inst/bram_w1/mem_reg/ADDRBWRADDR[10] (net: design_1_i/top_zedboard_0/inst/bram_w1/mem_reg_61[6]) which is driven by a register (design_1_i/top_zedboard_0/inst/accelerator_core/BRAM_W1_ADDR_temp_reg[6]) that has an active asychronous set or reset. This may cause corruption of the memory contents and/or read values when the set/reset is asserted and is not analyzed by the default static timing analysis. It is suggested to eliminate the use of a set/reset to registers driving this RAMB pin or else use a synchronous reset in which the assertion of the reset is timed by default.
Related violations: <none>

REQP-1840#9 Warning
RAMB18 async control check  
The RAMB18E1 design_1_i/top_zedboard_0/inst/bram_w1/mem_reg has an input control pin design_1_i/top_zedboard_0/inst/bram_w1/mem_reg/ADDRBWRADDR[4] (net: design_1_i/top_zedboard_0/inst/bram_w1/mem_reg_61[0]) which is driven by a register (design_1_i/top_zedboard_0/inst/accelerator_core/BRAM_W1_ADDR_temp_reg[0]) that has an active asychronous set or reset. This may cause corruption of the memory contents and/or read values when the set/reset is asserted and is not analyzed by the default static timing analysis. It is suggested to eliminate the use of a set/reset to registers driving this RAMB pin or else use a synchronous reset in which the assertion of the reset is timed by default.
Related violations: <none>

REQP-1840#10 Warning
RAMB18 async control check  
The RAMB18E1 design_1_i/top_zedboard_0/inst/bram_w1/mem_reg has an input control pin design_1_i/top_zedboard_0/inst/bram_w1/mem_reg/ADDRBWRADDR[5] (net: design_1_i/top_zedboard_0/inst/bram_w1/mem_reg_61[1]) which is driven by a register (design_1_i/top_zedboard_0/inst/accelerator_core/BRAM_W1_ADDR_temp_reg[1]) that has an active asychronous set or reset. This may cause corruption of the memory contents and/or read values when the set/reset is asserted and is not analyzed by the default static timing analysis. It is suggested to eliminate the use of a set/reset to registers driving this RAMB pin or else use a synchronous reset in which the assertion of the reset is timed by default.
Related violations: <none>

REQP-1840#11 Warning
RAMB18 async control check  
The RAMB18E1 design_1_i/top_zedboard_0/inst/bram_w1/mem_reg has an input control pin design_1_i/top_zedboard_0/inst/bram_w1/mem_reg/ADDRBWRADDR[6] (net: design_1_i/top_zedboard_0/inst/bram_w1/mem_reg_61[2]) which is driven by a register (design_1_i/top_zedboard_0/inst/accelerator_core/BRAM_W1_ADDR_temp_reg[2]) that has an active asychronous set or reset. This may cause corruption of the memory contents and/or read values when the set/reset is asserted and is not analyzed by the default static timing analysis. It is suggested to eliminate the use of a set/reset to registers driving this RAMB pin or else use a synchronous reset in which the assertion of the reset is timed by default.
Related violations: <none>

REQP-1840#12 Warning
RAMB18 async control check  
The RAMB18E1 design_1_i/top_zedboard_0/inst/bram_w1/mem_reg has an input control pin design_1_i/top_zedboard_0/inst/bram_w1/mem_reg/ADDRBWRADDR[7] (net: design_1_i/top_zedboard_0/inst/bram_w1/mem_reg_61[3]) which is driven by a register (design_1_i/top_zedboard_0/inst/accelerator_core/BRAM_W1_ADDR_temp_reg[3]) that has an active asychronous set or reset. This may cause corruption of the memory contents and/or read values when the set/reset is asserted and is not analyzed by the default static timing analysis. It is suggested to eliminate the use of a set/reset to registers driving this RAMB pin or else use a synchronous reset in which the assertion of the reset is timed by default.
Related violations: <none>

REQP-1840#13 Warning
RAMB18 async control check  
The RAMB18E1 design_1_i/top_zedboard_0/inst/bram_w1/mem_reg has an input control pin design_1_i/top_zedboard_0/inst/bram_w1/mem_reg/ADDRBWRADDR[8] (net: design_1_i/top_zedboard_0/inst/bram_w1/mem_reg_61[4]) which is driven by a register (design_1_i/top_zedboard_0/inst/accelerator_core/BRAM_W1_ADDR_temp_reg[4]) that has an active asychronous set or reset. This may cause corruption of the memory contents and/or read values when the set/reset is asserted and is not analyzed by the default static timing analysis. It is suggested to eliminate the use of a set/reset to registers driving this RAMB pin or else use a synchronous reset in which the assertion of the reset is timed by default.
Related violations: <none>

REQP-1840#14 Warning
RAMB18 async control check  
The RAMB18E1 design_1_i/top_zedboard_0/inst/bram_w1/mem_reg has an input control pin design_1_i/top_zedboard_0/inst/bram_w1/mem_reg/ADDRBWRADDR[9] (net: design_1_i/top_zedboard_0/inst/bram_w1/mem_reg_61[5]) which is driven by a register (design_1_i/top_zedboard_0/inst/accelerator_core/BRAM_W1_ADDR_temp_reg[5]) that has an active asychronous set or reset. This may cause corruption of the memory contents and/or read values when the set/reset is asserted and is not analyzed by the default static timing analysis. It is suggested to eliminate the use of a set/reset to registers driving this RAMB pin or else use a synchronous reset in which the assertion of the reset is timed by default.
Related violations: <none>

REQP-1840#15 Warning
RAMB18 async control check  
The RAMB18E1 design_1_i/top_zedboard_0/inst/bram_w5/mem_reg has an input control pin design_1_i/top_zedboard_0/inst/bram_w5/mem_reg/ADDRARDADDR[10] (net: design_1_i/top_zedboard_0/inst/bram_w5/mem_reg_120[6]) which is driven by a register (design_1_i/top_zedboard_0/inst/accelerator_core/BRAM_W5_ADDR_temp_reg[6]) that has an active asychronous set or reset. This may cause corruption of the memory contents and/or read values when the set/reset is asserted and is not analyzed by the default static timing analysis. It is suggested to eliminate the use of a set/reset to registers driving this RAMB pin or else use a synchronous reset in which the assertion of the reset is timed by default.
Related violations: <none>

REQP-1840#16 Warning
RAMB18 async control check  
The RAMB18E1 design_1_i/top_zedboard_0/inst/bram_w5/mem_reg has an input control pin design_1_i/top_zedboard_0/inst/bram_w5/mem_reg/ADDRARDADDR[11] (net: design_1_i/top_zedboard_0/inst/bram_w5/mem_reg_120[7]) which is driven by a register (design_1_i/top_zedboard_0/inst/accelerator_core/BRAM_W5_ADDR_temp_reg[7]) that has an active asychronous set or reset. This may cause corruption of the memory contents and/or read values when the set/reset is asserted and is not analyzed by the default static timing analysis. It is suggested to eliminate the use of a set/reset to registers driving this RAMB pin or else use a synchronous reset in which the assertion of the reset is timed by default.
Related violations: <none>

REQP-1840#17 Warning
RAMB18 async control check  
The RAMB18E1 design_1_i/top_zedboard_0/inst/bram_w5/mem_reg has an input control pin design_1_i/top_zedboard_0/inst/bram_w5/mem_reg/ADDRARDADDR[6] (net: design_1_i/top_zedboard_0/inst/bram_w5/mem_reg_120[2]) which is driven by a register (design_1_i/top_zedboard_0/inst/accelerator_core/BRAM_W5_ADDR_temp_reg[2]) that has an active asychronous set or reset. This may cause corruption of the memory contents and/or read values when the set/reset is asserted and is not analyzed by the default static timing analysis. It is suggested to eliminate the use of a set/reset to registers driving this RAMB pin or else use a synchronous reset in which the assertion of the reset is timed by default.
Related violations: <none>

REQP-1840#18 Warning
RAMB18 async control check  
The RAMB18E1 design_1_i/top_zedboard_0/inst/bram_w5/mem_reg has an input control pin design_1_i/top_zedboard_0/inst/bram_w5/mem_reg/ADDRARDADDR[7] (net: design_1_i/top_zedboard_0/inst/bram_w5/mem_reg_120[3]) which is driven by a register (design_1_i/top_zedboard_0/inst/accelerator_core/BRAM_W5_ADDR_temp_reg[3]) that has an active asychronous set or reset. This may cause corruption of the memory contents and/or read values when the set/reset is asserted and is not analyzed by the default static timing analysis. It is suggested to eliminate the use of a set/reset to registers driving this RAMB pin or else use a synchronous reset in which the assertion of the reset is timed by default.
Related violations: <none>

REQP-1840#19 Warning
RAMB18 async control check  
The RAMB18E1 design_1_i/top_zedboard_0/inst/bram_w5/mem_reg has an input control pin design_1_i/top_zedboard_0/inst/bram_w5/mem_reg/ADDRARDADDR[8] (net: design_1_i/top_zedboard_0/inst/bram_w5/mem_reg_120[4]) which is driven by a register (design_1_i/top_zedboard_0/inst/accelerator_core/BRAM_W5_ADDR_temp_reg[4]) that has an active asychronous set or reset. This may cause corruption of the memory contents and/or read values when the set/reset is asserted and is not analyzed by the default static timing analysis. It is suggested to eliminate the use of a set/reset to registers driving this RAMB pin or else use a synchronous reset in which the assertion of the reset is timed by default.
Related violations: <none>

REQP-1840#20 Warning
RAMB18 async control check  
The RAMB18E1 design_1_i/top_zedboard_0/inst/bram_w5/mem_reg has an input control pin design_1_i/top_zedboard_0/inst/bram_w5/mem_reg/ADDRARDADDR[9] (net: design_1_i/top_zedboard_0/inst/bram_w5/mem_reg_120[5]) which is driven by a register (design_1_i/top_zedboard_0/inst/accelerator_core/BRAM_W5_ADDR_temp_reg[5]) that has an active asychronous set or reset. This may cause corruption of the memory contents and/or read values when the set/reset is asserted and is not analyzed by the default static timing analysis. It is suggested to eliminate the use of a set/reset to registers driving this RAMB pin or else use a synchronous reset in which the assertion of the reset is timed by default.
Related violations: <none>


