
*** Running vivado
    with args -log design_1_wrapper.vds -m64 -product Vivado -mode batch -messageDb vivado.pb -notrace -source design_1_wrapper.tcl



****** Vivado v2025.2 (64-bit)
  **** SW Build 6299465 on Fri Nov 14 19:35:11 GMT 2025
  **** IP Build 6300035 on Fri Nov 14 10:48:45 MST 2025
  **** SharedData Build 6298862 on Thu Nov 13 04:50:51 MST 2025
  **** Start of session at: Thu Mar 12 15:11:54 2026
    ** Copyright 1986-2022 Xilinx, Inc. All Rights Reserved.
    ** Copyright 2022-2025 Advanced Micro Devices, Inc. All Rights Reserved.

source design_1_wrapper.tcl -notrace
create_project: Time (s): cpu = 00:00:22 ; elapsed = 00:00:18 . Memory (MB): peak = 530.566 ; gain = 217.809
INFO: [IP_Flow 19-234] Refreshing IP repositories
INFO: [IP_Flow 19-1704] No user IP repositories specified
INFO: [IP_Flow 19-2313] Loaded Vivado IP repository 'D:/mainvivo/2025.2/Vivado/data/ip'.
add_files: Time (s): cpu = 00:00:09 ; elapsed = 00:00:11 . Memory (MB): peak = 558.789 ; gain = 28.223
Command: read_checkpoint -auto_incremental -incremental D:/ash/bitnew/CNN_Accelerator_Clean/vivado_workspace/LeNet_Accelerator.srcs/utils_1/imports/synth_1/cnn.dcp
INFO: [Vivado 12-5825] Read reference checkpoint from D:/ash/bitnew/CNN_Accelerator_Clean/vivado_workspace/LeNet_Accelerator.srcs/utils_1/imports/synth_1/cnn.dcp for incremental synthesis
INFO: [Vivado 12-7989] Please ensure there are no constraint changes
Command: synth_design -top design_1_wrapper -part xc7z020clg484-1
Starting synth_design
Attempting to get a license for feature 'Synthesis' and/or device 'xc7z020'
INFO: [Common 17-349] Got license for feature 'Synthesis' and/or device 'xc7z020'
INFO: [Device 21-403] Loading part xc7z020clg484-1
INFO: [Designutils 20-5440] No compile time benefit to using incremental synthesis; A full resynthesis will be run
INFO: [Designutils 20-4379] Flow is switching to default flow due to incremental criteria not met. If you would like to alter this behaviour and have the flow terminate instead, please set the following parameter config_implementation {autoIncr.Synth.RejectBehavior Terminate}
INFO: [Synth 8-7079] Multithreading enabled for synth_design using a maximum of 2 processes.
INFO: [Synth 8-7078] Launching helper process for spawning children vivado processes
INFO: [Synth 8-7075] Helper process launched with PID 14544
---------------------------------------------------------------------------------
Starting RTL Elaboration : Time (s): cpu = 00:00:14 ; elapsed = 00:00:15 . Memory (MB): peak = 1362.020 ; gain = 543.582
---------------------------------------------------------------------------------
INFO: [Synth 8-6157] synthesizing module 'design_1_wrapper' [D:/ash/bitnew/CNN_Accelerator_Clean/vivado_workspace/LeNet_Accelerator.gen/sources_1/bd/design_1/hdl/design_1_wrapper.v:13]
INFO: [Synth 8-6157] synthesizing module 'design_1' [d:/ash/bitnew/CNN_Accelerator_Clean/vivado_workspace/LeNet_Accelerator.gen/sources_1/bd/design_1/synth/design_1.v:13]
INFO: [Synth 8-6157] synthesizing module 'design_1_axi_bram_ctrl_0_0' [D:/ash/bitnew/CNN_Accelerator_Clean/vivado_workspace/LeNet_Accelerator.runs/synth_1/.Xil/Vivado-20888-Hari/realtime/design_1_axi_bram_ctrl_0_0_stub.v:6]
INFO: [Synth 8-6155] done synthesizing module 'design_1_axi_bram_ctrl_0_0' (0#1) [D:/ash/bitnew/CNN_Accelerator_Clean/vivado_workspace/LeNet_Accelerator.runs/synth_1/.Xil/Vivado-20888-Hari/realtime/design_1_axi_bram_ctrl_0_0_stub.v:6]
WARNING: [Synth 8-7071] port 'bram_rst_a' of module 'design_1_axi_bram_ctrl_0_0' is unconnected for instance 'axi_bram_ctrl_0' [d:/ash/bitnew/CNN_Accelerator_Clean/vivado_workspace/LeNet_Accelerator.gen/sources_1/bd/design_1/synth/design_1.v:214]
WARNING: [Synth 8-7023] instance 'axi_bram_ctrl_0' of module 'design_1_axi_bram_ctrl_0_0' has 40 connections declared, but only 39 given [d:/ash/bitnew/CNN_Accelerator_Clean/vivado_workspace/LeNet_Accelerator.gen/sources_1/bd/design_1/synth/design_1.v:214]
INFO: [Synth 8-6157] synthesizing module 'design_1_axi_gpio_0_0' [D:/ash/bitnew/CNN_Accelerator_Clean/vivado_workspace/LeNet_Accelerator.runs/synth_1/.Xil/Vivado-20888-Hari/realtime/design_1_axi_gpio_0_0_stub.v:6]
INFO: [Synth 8-6155] done synthesizing module 'design_1_axi_gpio_0_0' (0#1) [D:/ash/bitnew/CNN_Accelerator_Clean/vivado_workspace/LeNet_Accelerator.runs/synth_1/.Xil/Vivado-20888-Hari/realtime/design_1_axi_gpio_0_0_stub.v:6]
INFO: [Synth 8-6157] synthesizing module 'design_1_axi_gpio_1_0' [D:/ash/bitnew/CNN_Accelerator_Clean/vivado_workspace/LeNet_Accelerator.runs/synth_1/.Xil/Vivado-20888-Hari/realtime/design_1_axi_gpio_1_0_stub.v:6]
INFO: [Synth 8-6155] done synthesizing module 'design_1_axi_gpio_1_0' (0#1) [D:/ash/bitnew/CNN_Accelerator_Clean/vivado_workspace/LeNet_Accelerator.runs/synth_1/.Xil/Vivado-20888-Hari/realtime/design_1_axi_gpio_1_0_stub.v:6]
INFO: [Synth 8-6157] synthesizing module 'design_1_axi_gpio_2_1' [D:/ash/bitnew/CNN_Accelerator_Clean/vivado_workspace/LeNet_Accelerator.runs/synth_1/.Xil/Vivado-20888-Hari/realtime/design_1_axi_gpio_2_1_stub.v:6]
INFO: [Synth 8-6155] done synthesizing module 'design_1_axi_gpio_2_1' (0#1) [D:/ash/bitnew/CNN_Accelerator_Clean/vivado_workspace/LeNet_Accelerator.runs/synth_1/.Xil/Vivado-20888-Hari/realtime/design_1_axi_gpio_2_1_stub.v:6]
INFO: [Synth 8-6157] synthesizing module 'design_1_axi_smc_0' [D:/ash/bitnew/CNN_Accelerator_Clean/vivado_workspace/LeNet_Accelerator.runs/synth_1/.Xil/Vivado-20888-Hari/realtime/design_1_axi_smc_0_stub.v:6]
INFO: [Synth 8-6155] done synthesizing module 'design_1_axi_smc_0' (0#1) [D:/ash/bitnew/CNN_Accelerator_Clean/vivado_workspace/LeNet_Accelerator.runs/synth_1/.Xil/Vivado-20888-Hari/realtime/design_1_axi_smc_0_stub.v:6]
WARNING: [Synth 8-7071] port 'M00_AXI_awqos' of module 'design_1_axi_smc_0' is unconnected for instance 'axi_smc' [d:/ash/bitnew/CNN_Accelerator_Clean/vivado_workspace/LeNet_Accelerator.gen/sources_1/bd/design_1/synth/design_1.v:317]
WARNING: [Synth 8-7071] port 'M00_AXI_arqos' of module 'design_1_axi_smc_0' is unconnected for instance 'axi_smc' [d:/ash/bitnew/CNN_Accelerator_Clean/vivado_workspace/LeNet_Accelerator.gen/sources_1/bd/design_1/synth/design_1.v:317]
WARNING: [Synth 8-7071] port 'M01_AXI_awprot' of module 'design_1_axi_smc_0' is unconnected for instance 'axi_smc' [d:/ash/bitnew/CNN_Accelerator_Clean/vivado_workspace/LeNet_Accelerator.gen/sources_1/bd/design_1/synth/design_1.v:317]
WARNING: [Synth 8-7071] port 'M01_AXI_arprot' of module 'design_1_axi_smc_0' is unconnected for instance 'axi_smc' [d:/ash/bitnew/CNN_Accelerator_Clean/vivado_workspace/LeNet_Accelerator.gen/sources_1/bd/design_1/synth/design_1.v:317]
WARNING: [Synth 8-7071] port 'M02_AXI_awprot' of module 'design_1_axi_smc_0' is unconnected for instance 'axi_smc' [d:/ash/bitnew/CNN_Accelerator_Clean/vivado_workspace/LeNet_Accelerator.gen/sources_1/bd/design_1/synth/design_1.v:317]
WARNING: [Synth 8-7071] port 'M02_AXI_arprot' of module 'design_1_axi_smc_0' is unconnected for instance 'axi_smc' [d:/ash/bitnew/CNN_Accelerator_Clean/vivado_workspace/LeNet_Accelerator.gen/sources_1/bd/design_1/synth/design_1.v:317]
WARNING: [Synth 8-7071] port 'M03_AXI_awprot' of module 'design_1_axi_smc_0' is unconnected for instance 'axi_smc' [d:/ash/bitnew/CNN_Accelerator_Clean/vivado_workspace/LeNet_Accelerator.gen/sources_1/bd/design_1/synth/design_1.v:317]
WARNING: [Synth 8-7071] port 'M03_AXI_arprot' of module 'design_1_axi_smc_0' is unconnected for instance 'axi_smc' [d:/ash/bitnew/CNN_Accelerator_Clean/vivado_workspace/LeNet_Accelerator.gen/sources_1/bd/design_1/synth/design_1.v:317]
WARNING: [Synth 8-7023] instance 'axi_smc' of module 'design_1_axi_smc_0' has 130 connections declared, but only 122 given [d:/ash/bitnew/CNN_Accelerator_Clean/vivado_workspace/LeNet_Accelerator.gen/sources_1/bd/design_1/synth/design_1.v:317]
INFO: [Synth 8-6157] synthesizing module 'design_1_processing_system7_0_0' [D:/ash/bitnew/CNN_Accelerator_Clean/vivado_workspace/LeNet_Accelerator.runs/synth_1/.Xil/Vivado-20888-Hari/realtime/design_1_processing_system7_0_0_stub.v:6]
INFO: [Synth 8-6155] done synthesizing module 'design_1_processing_system7_0_0' (0#1) [D:/ash/bitnew/CNN_Accelerator_Clean/vivado_workspace/LeNet_Accelerator.runs/synth_1/.Xil/Vivado-20888-Hari/realtime/design_1_processing_system7_0_0_stub.v:6]
WARNING: [Synth 8-7071] port 'ENET0_MDIO_MDC' of module 'design_1_processing_system7_0_0' is unconnected for instance 'processing_system7_0' [d:/ash/bitnew/CNN_Accelerator_Clean/vivado_workspace/LeNet_Accelerator.gen/sources_1/bd/design_1/synth/design_1.v:440]
WARNING: [Synth 8-7071] port 'ENET0_MDIO_O' of module 'design_1_processing_system7_0_0' is unconnected for instance 'processing_system7_0' [d:/ash/bitnew/CNN_Accelerator_Clean/vivado_workspace/LeNet_Accelerator.gen/sources_1/bd/design_1/synth/design_1.v:440]
WARNING: [Synth 8-7071] port 'ENET0_MDIO_T' of module 'design_1_processing_system7_0_0' is unconnected for instance 'processing_system7_0' [d:/ash/bitnew/CNN_Accelerator_Clean/vivado_workspace/LeNet_Accelerator.gen/sources_1/bd/design_1/synth/design_1.v:440]
WARNING: [Synth 8-7071] port 'TTC0_WAVE0_OUT' of module 'design_1_processing_system7_0_0' is unconnected for instance 'processing_system7_0' [d:/ash/bitnew/CNN_Accelerator_Clean/vivado_workspace/LeNet_Accelerator.gen/sources_1/bd/design_1/synth/design_1.v:440]
WARNING: [Synth 8-7071] port 'TTC0_WAVE1_OUT' of module 'design_1_processing_system7_0_0' is unconnected for instance 'processing_system7_0' [d:/ash/bitnew/CNN_Accelerator_Clean/vivado_workspace/LeNet_Accelerator.gen/sources_1/bd/design_1/synth/design_1.v:440]
WARNING: [Synth 8-7071] port 'TTC0_WAVE2_OUT' of module 'design_1_processing_system7_0_0' is unconnected for instance 'processing_system7_0' [d:/ash/bitnew/CNN_Accelerator_Clean/vivado_workspace/LeNet_Accelerator.gen/sources_1/bd/design_1/synth/design_1.v:440]
WARNING: [Synth 8-7071] port 'USB0_PORT_INDCTL' of module 'design_1_processing_system7_0_0' is unconnected for instance 'processing_system7_0' [d:/ash/bitnew/CNN_Accelerator_Clean/vivado_workspace/LeNet_Accelerator.gen/sources_1/bd/design_1/synth/design_1.v:440]
WARNING: [Synth 8-7071] port 'USB0_VBUS_PWRSELECT' of module 'design_1_processing_system7_0_0' is unconnected for instance 'processing_system7_0' [d:/ash/bitnew/CNN_Accelerator_Clean/vivado_workspace/LeNet_Accelerator.gen/sources_1/bd/design_1/synth/design_1.v:440]
WARNING: [Synth 8-7023] instance 'processing_system7_0' of module 'design_1_processing_system7_0_0' has 73 connections declared, but only 65 given [d:/ash/bitnew/CNN_Accelerator_Clean/vivado_workspace/LeNet_Accelerator.gen/sources_1/bd/design_1/synth/design_1.v:440]
INFO: [Synth 8-6157] synthesizing module 'design_1_rst_ps7_0_100M_0' [D:/ash/bitnew/CNN_Accelerator_Clean/vivado_workspace/LeNet_Accelerator.runs/synth_1/.Xil/Vivado-20888-Hari/realtime/design_1_rst_ps7_0_100M_0_stub.v:6]
INFO: [Synth 8-6155] done synthesizing module 'design_1_rst_ps7_0_100M_0' (0#1) [D:/ash/bitnew/CNN_Accelerator_Clean/vivado_workspace/LeNet_Accelerator.runs/synth_1/.Xil/Vivado-20888-Hari/realtime/design_1_rst_ps7_0_100M_0_stub.v:6]
WARNING: [Synth 8-7071] port 'mb_reset' of module 'design_1_rst_ps7_0_100M_0' is unconnected for instance 'rst_ps7_0_100M' [d:/ash/bitnew/CNN_Accelerator_Clean/vivado_workspace/LeNet_Accelerator.gen/sources_1/bd/design_1/synth/design_1.v:506]
WARNING: [Synth 8-7071] port 'bus_struct_reset' of module 'design_1_rst_ps7_0_100M_0' is unconnected for instance 'rst_ps7_0_100M' [d:/ash/bitnew/CNN_Accelerator_Clean/vivado_workspace/LeNet_Accelerator.gen/sources_1/bd/design_1/synth/design_1.v:506]
WARNING: [Synth 8-7071] port 'peripheral_reset' of module 'design_1_rst_ps7_0_100M_0' is unconnected for instance 'rst_ps7_0_100M' [d:/ash/bitnew/CNN_Accelerator_Clean/vivado_workspace/LeNet_Accelerator.gen/sources_1/bd/design_1/synth/design_1.v:506]
WARNING: [Synth 8-7071] port 'interconnect_aresetn' of module 'design_1_rst_ps7_0_100M_0' is unconnected for instance 'rst_ps7_0_100M' [d:/ash/bitnew/CNN_Accelerator_Clean/vivado_workspace/LeNet_Accelerator.gen/sources_1/bd/design_1/synth/design_1.v:506]
WARNING: [Synth 8-7023] instance 'rst_ps7_0_100M' of module 'design_1_rst_ps7_0_100M_0' has 10 connections declared, but only 6 given [d:/ash/bitnew/CNN_Accelerator_Clean/vivado_workspace/LeNet_Accelerator.gen/sources_1/bd/design_1/synth/design_1.v:506]
INFO: [Synth 8-6157] synthesizing module 'design_1_top_zedboard_0_0' [D:/ash/bitnew/CNN_Accelerator_Clean/vivado_workspace/LeNet_Accelerator.runs/synth_1/.Xil/Vivado-20888-Hari/realtime/design_1_top_zedboard_0_0_stub.v:6]
INFO: [Synth 8-6155] done synthesizing module 'design_1_top_zedboard_0_0' (0#1) [D:/ash/bitnew/CNN_Accelerator_Clean/vivado_workspace/LeNet_Accelerator.runs/synth_1/.Xil/Vivado-20888-Hari/realtime/design_1_top_zedboard_0_0_stub.v:6]
INFO: [Synth 8-6155] done synthesizing module 'design_1' (0#1) [d:/ash/bitnew/CNN_Accelerator_Clean/vivado_workspace/LeNet_Accelerator.gen/sources_1/bd/design_1/synth/design_1.v:13]
INFO: [Synth 8-6155] done synthesizing module 'design_1_wrapper' (0#1) [D:/ash/bitnew/CNN_Accelerator_Clean/vivado_workspace/LeNet_Accelerator.gen/sources_1/bd/design_1/hdl/design_1_wrapper.v:13]
---------------------------------------------------------------------------------
Finished RTL Elaboration : Time (s): cpu = 00:00:19 ; elapsed = 00:00:20 . Memory (MB): peak = 1488.434 ; gain = 669.996
---------------------------------------------------------------------------------
---------------------------------------------------------------------------------
Start Handling Custom Attributes
---------------------------------------------------------------------------------
---------------------------------------------------------------------------------
Finished Handling Custom Attributes : Time (s): cpu = 00:00:19 ; elapsed = 00:00:20 . Memory (MB): peak = 1488.434 ; gain = 669.996
---------------------------------------------------------------------------------
---------------------------------------------------------------------------------
Finished RTL Optimization Phase 1 : Time (s): cpu = 00:00:19 ; elapsed = 00:00:20 . Memory (MB): peak = 1488.434 ; gain = 669.996
---------------------------------------------------------------------------------
Netlist sorting complete. Time (s): cpu = 00:00:00 ; elapsed = 00:00:00.032 . Memory (MB): peak = 1488.434 ; gain = 0.000
INFO: [Project 1-570] Preparing netlist for logic optimization

Processing XDC Constraints
Initializing timing engine
Parsing XDC File [d:/ash/bitnew/CNN_Accelerator_Clean/vivado_workspace/LeNet_Accelerator.gen/sources_1/bd/design_1/ip/design_1_processing_system7_0_0/design_1_processing_system7_0_0/design_1_processing_system7_0_0_in_context.xdc] for cell 'design_1_i/processing_system7_0'
Finished Parsing XDC File [d:/ash/bitnew/CNN_Accelerator_Clean/vivado_workspace/LeNet_Accelerator.gen/sources_1/bd/design_1/ip/design_1_processing_system7_0_0/design_1_processing_system7_0_0/design_1_processing_system7_0_0_in_context.xdc] for cell 'design_1_i/processing_system7_0'
Parsing XDC File [d:/ash/bitnew/CNN_Accelerator_Clean/vivado_workspace/LeNet_Accelerator.gen/sources_1/bd/design_1/ip/design_1_axi_bram_ctrl_0_0/design_1_axi_bram_ctrl_0_0/design_1_axi_bram_ctrl_0_0_in_context.xdc] for cell 'design_1_i/axi_bram_ctrl_0'
Finished Parsing XDC File [d:/ash/bitnew/CNN_Accelerator_Clean/vivado_workspace/LeNet_Accelerator.gen/sources_1/bd/design_1/ip/design_1_axi_bram_ctrl_0_0/design_1_axi_bram_ctrl_0_0/design_1_axi_bram_ctrl_0_0_in_context.xdc] for cell 'design_1_i/axi_bram_ctrl_0'
Parsing XDC File [d:/ash/bitnew/CNN_Accelerator_Clean/vivado_workspace/LeNet_Accelerator.gen/sources_1/bd/design_1/ip/design_1_axi_gpio_0_0/design_1_axi_gpio_0_0/design_1_axi_gpio_0_0_in_context.xdc] for cell 'design_1_i/axi_gpio_0'
Finished Parsing XDC File [d:/ash/bitnew/CNN_Accelerator_Clean/vivado_workspace/LeNet_Accelerator.gen/sources_1/bd/design_1/ip/design_1_axi_gpio_0_0/design_1_axi_gpio_0_0/design_1_axi_gpio_0_0_in_context.xdc] for cell 'design_1_i/axi_gpio_0'
Parsing XDC File [d:/ash/bitnew/CNN_Accelerator_Clean/vivado_workspace/LeNet_Accelerator.gen/sources_1/bd/design_1/ip/design_1_axi_gpio_1_0/design_1_axi_gpio_1_0/design_1_axi_gpio_1_0_in_context.xdc] for cell 'design_1_i/axi_gpio_1'
Finished Parsing XDC File [d:/ash/bitnew/CNN_Accelerator_Clean/vivado_workspace/LeNet_Accelerator.gen/sources_1/bd/design_1/ip/design_1_axi_gpio_1_0/design_1_axi_gpio_1_0/design_1_axi_gpio_1_0_in_context.xdc] for cell 'design_1_i/axi_gpio_1'
Parsing XDC File [d:/ash/bitnew/CNN_Accelerator_Clean/vivado_workspace/LeNet_Accelerator.gen/sources_1/bd/design_1/ip/design_1_top_zedboard_0_0/design_1_top_zedboard_0_0/design_1_top_zedboard_0_0_in_context.xdc] for cell 'design_1_i/top_zedboard_0'
Finished Parsing XDC File [d:/ash/bitnew/CNN_Accelerator_Clean/vivado_workspace/LeNet_Accelerator.gen/sources_1/bd/design_1/ip/design_1_top_zedboard_0_0/design_1_top_zedboard_0_0/design_1_top_zedboard_0_0_in_context.xdc] for cell 'design_1_i/top_zedboard_0'
Parsing XDC File [d:/ash/bitnew/CNN_Accelerator_Clean/vivado_workspace/LeNet_Accelerator.gen/sources_1/bd/design_1/ip/design_1_axi_smc_0/design_1_axi_smc_0/design_1_axi_smc_0_in_context.xdc] for cell 'design_1_i/axi_smc'
Finished Parsing XDC File [d:/ash/bitnew/CNN_Accelerator_Clean/vivado_workspace/LeNet_Accelerator.gen/sources_1/bd/design_1/ip/design_1_axi_smc_0/design_1_axi_smc_0/design_1_axi_smc_0_in_context.xdc] for cell 'design_1_i/axi_smc'
Parsing XDC File [d:/ash/bitnew/CNN_Accelerator_Clean/vivado_workspace/LeNet_Accelerator.gen/sources_1/bd/design_1/ip/design_1_rst_ps7_0_100M_0/design_1_rst_ps7_0_100M_0/design_1_rst_ps7_0_100M_0_in_context.xdc] for cell 'design_1_i/rst_ps7_0_100M'
Finished Parsing XDC File [d:/ash/bitnew/CNN_Accelerator_Clean/vivado_workspace/LeNet_Accelerator.gen/sources_1/bd/design_1/ip/design_1_rst_ps7_0_100M_0/design_1_rst_ps7_0_100M_0/design_1_rst_ps7_0_100M_0_in_context.xdc] for cell 'design_1_i/rst_ps7_0_100M'
Parsing XDC File [d:/ash/bitnew/CNN_Accelerator_Clean/vivado_workspace/LeNet_Accelerator.gen/sources_1/bd/design_1/ip/design_1_axi_gpio_2_1/design_1_axi_gpio_2_1/design_1_axi_gpio_2_1_in_context.xdc] for cell 'design_1_i/axi_gpio_2'
Finished Parsing XDC File [d:/ash/bitnew/CNN_Accelerator_Clean/vivado_workspace/LeNet_Accelerator.gen/sources_1/bd/design_1/ip/design_1_axi_gpio_2_1/design_1_axi_gpio_2_1/design_1_axi_gpio_2_1_in_context.xdc] for cell 'design_1_i/axi_gpio_2'
Parsing XDC File [D:/ash/bitnew/CNN_Accelerator_Clean/vivado_workspace/LeNet_Accelerator.runs/synth_1/dont_touch.xdc]
Finished Parsing XDC File [D:/ash/bitnew/CNN_Accelerator_Clean/vivado_workspace/LeNet_Accelerator.runs/synth_1/dont_touch.xdc]
Completed Processing XDC Constraints

Netlist sorting complete. Time (s): cpu = 00:00:00 ; elapsed = 00:00:00 . Memory (MB): peak = 1488.434 ; gain = 0.000
INFO: [Project 1-111] Unisim Transformation Summary:
No Unisim elements were transformed.

Constraint Validation Runtime : Time (s): cpu = 00:00:00 ; elapsed = 00:00:00.042 . Memory (MB): peak = 1488.434 ; gain = 0.000
INFO: [Designutils 20-5440] No compile time benefit to using incremental synthesis; A full resynthesis will be run
INFO: [Designutils 20-4379] Flow is switching to default flow due to incremental criteria not met. If you would like to alter this behaviour and have the flow terminate instead, please set the following parameter config_implementation {autoIncr.Synth.RejectBehavior Terminate}
---------------------------------------------------------------------------------
Finished Constraint Validation : Time (s): cpu = 00:00:40 ; elapsed = 00:00:42 . Memory (MB): peak = 1488.434 ; gain = 669.996
---------------------------------------------------------------------------------
---------------------------------------------------------------------------------
Start Loading Part and Timing Information
---------------------------------------------------------------------------------
Loading part: xc7z020clg484-1
---------------------------------------------------------------------------------
Finished Loading Part and Timing Information : Time (s): cpu = 00:00:40 ; elapsed = 00:00:42 . Memory (MB): peak = 1488.434 ; gain = 669.996
---------------------------------------------------------------------------------
---------------------------------------------------------------------------------
Start Applying 'set_property' XDC Constraints
---------------------------------------------------------------------------------
---------------------------------------------------------------------------------
Finished applying 'set_property' XDC Constraints : Time (s): cpu = 00:00:41 ; elapsed = 00:00:43 . Memory (MB): peak = 1488.434 ; gain = 669.996
---------------------------------------------------------------------------------
---------------------------------------------------------------------------------
Finished RTL Optimization Phase 2 : Time (s): cpu = 00:00:41 ; elapsed = 00:00:44 . Memory (MB): peak = 1488.434 ; gain = 669.996
---------------------------------------------------------------------------------
---------------------------------------------------------------------------------
Start RTL Component Statistics 
---------------------------------------------------------------------------------
Detailed RTL Component Info : 
---------------------------------------------------------------------------------
Finished RTL Component Statistics 
---------------------------------------------------------------------------------
---------------------------------------------------------------------------------
Start Part Resource Summary
---------------------------------------------------------------------------------
Part Resources:
DSPs: 220 (col length:60)
BRAMs: 280 (col length: RAMB18 60 RAMB36 30)
---------------------------------------------------------------------------------
Finished Part Resource Summary
---------------------------------------------------------------------------------
---------------------------------------------------------------------------------
Start Cross Boundary and Area Optimization
---------------------------------------------------------------------------------
---------------------------------------------------------------------------------
Finished Cross Boundary and Area Optimization : Time (s): cpu = 00:00:46 ; elapsed = 00:00:49 . Memory (MB): peak = 1488.434 ; gain = 669.996
---------------------------------------------------------------------------------
---------------------------------------------------------------------------------
Start Applying XDC Timing Constraints
---------------------------------------------------------------------------------
---------------------------------------------------------------------------------
Finished Applying XDC Timing Constraints : Time (s): cpu = 00:01:01 ; elapsed = 00:01:05 . Memory (MB): peak = 1657.441 ; gain = 839.004
---------------------------------------------------------------------------------
---------------------------------------------------------------------------------
Start Timing Optimization
---------------------------------------------------------------------------------
---------------------------------------------------------------------------------
Finished Timing Optimization : Time (s): cpu = 00:01:01 ; elapsed = 00:01:05 . Memory (MB): peak = 1658.004 ; gain = 839.566
---------------------------------------------------------------------------------
---------------------------------------------------------------------------------
Start Technology Mapping
---------------------------------------------------------------------------------
---------------------------------------------------------------------------------
Finished Technology Mapping : Time (s): cpu = 00:01:01 ; elapsed = 00:01:05 . Memory (MB): peak = 1668.164 ; gain = 849.727
---------------------------------------------------------------------------------
---------------------------------------------------------------------------------
Start IO Insertion
---------------------------------------------------------------------------------
---------------------------------------------------------------------------------
Start Flattening Before IO Insertion
---------------------------------------------------------------------------------
---------------------------------------------------------------------------------
Finished Flattening Before IO Insertion
---------------------------------------------------------------------------------
---------------------------------------------------------------------------------
Start Final Netlist Cleanup
---------------------------------------------------------------------------------
---------------------------------------------------------------------------------
Finished Final Netlist Cleanup
---------------------------------------------------------------------------------
---------------------------------------------------------------------------------
Finished IO Insertion : Time (s): cpu = 00:01:13 ; elapsed = 00:01:17 . Memory (MB): peak = 1917.301 ; gain = 1098.863
---------------------------------------------------------------------------------
---------------------------------------------------------------------------------
Start Renaming Generated Instances
---------------------------------------------------------------------------------
---------------------------------------------------------------------------------
Finished Renaming Generated Instances : Time (s): cpu = 00:01:13 ; elapsed = 00:01:17 . Memory (MB): peak = 1917.301 ; gain = 1098.863
---------------------------------------------------------------------------------
---------------------------------------------------------------------------------
Start Rebuilding User Hierarchy
---------------------------------------------------------------------------------
---------------------------------------------------------------------------------
Finished Rebuilding User Hierarchy : Time (s): cpu = 00:01:13 ; elapsed = 00:01:17 . Memory (MB): peak = 1917.301 ; gain = 1098.863
---------------------------------------------------------------------------------
---------------------------------------------------------------------------------
Start Renaming Generated Ports
---------------------------------------------------------------------------------
---------------------------------------------------------------------------------
Finished Renaming Generated Ports : Time (s): cpu = 00:01:13 ; elapsed = 00:01:17 . Memory (MB): peak = 1917.301 ; gain = 1098.863
---------------------------------------------------------------------------------
---------------------------------------------------------------------------------
Start Handling Custom Attributes
---------------------------------------------------------------------------------
---------------------------------------------------------------------------------
Finished Handling Custom Attributes : Time (s): cpu = 00:01:13 ; elapsed = 00:01:17 . Memory (MB): peak = 1917.301 ; gain = 1098.863
---------------------------------------------------------------------------------
---------------------------------------------------------------------------------
Start Renaming Generated Nets
---------------------------------------------------------------------------------
---------------------------------------------------------------------------------
Finished Renaming Generated Nets : Time (s): cpu = 00:01:13 ; elapsed = 00:01:17 . Memory (MB): peak = 1917.301 ; gain = 1098.863
---------------------------------------------------------------------------------
---------------------------------------------------------------------------------
Start Writing Synthesis Report
---------------------------------------------------------------------------------

Report BlackBoxes: 
+------+--------------------------------+----------+
|      |BlackBox name                   |Instances |
+------+--------------------------------+----------+
|1     |design_1_axi_bram_ctrl_0_0      |         1|
|2     |design_1_axi_gpio_0_0           |         1|
|3     |design_1_axi_gpio_1_0           |         1|
|4     |design_1_axi_gpio_2_1           |         1|
|5     |design_1_axi_smc_0              |         1|
|6     |design_1_processing_system7_0_0 |         1|
|7     |design_1_rst_ps7_0_100M_0       |         1|
|8     |design_1_top_zedboard_0_0       |         1|
+------+--------------------------------+----------+

Report Cell Usage: 
+------+------------------------------+------+
|      |Cell                          |Count |
+------+------------------------------+------+
|1     |design_1_axi_bram_ctrl_0      |     1|
|2     |design_1_axi_gpio_0           |     1|
|3     |design_1_axi_gpio_1           |     1|
|4     |design_1_axi_gpio_2           |     1|
|5     |design_1_axi_smc              |     1|
|6     |design_1_processing_system7_0 |     1|
|7     |design_1_rst_ps7_0_100M       |     1|
|8     |design_1_top_zedboard_0       |     1|
|9     |OBUF                          |     8|
+------+------------------------------+------+
---------------------------------------------------------------------------------
Finished Writing Synthesis Report : Time (s): cpu = 00:01:13 ; elapsed = 00:01:17 . Memory (MB): peak = 1917.301 ; gain = 1098.863
---------------------------------------------------------------------------------
Synthesis finished with 0 errors, 0 critical warnings and 0 warnings.
Synthesis Optimization Runtime : Time (s): cpu = 00:00:48 ; elapsed = 00:01:10 . Memory (MB): peak = 1917.301 ; gain = 1098.863
Synthesis Optimization Complete : Time (s): cpu = 00:01:13 ; elapsed = 00:01:17 . Memory (MB): peak = 1917.301 ; gain = 1098.863
INFO: [Project 1-571] Translating synthesized netlist
Netlist sorting complete. Time (s): cpu = 00:00:01 ; elapsed = 00:00:00.029 . Memory (MB): peak = 1919.234 ; gain = 0.000
INFO: [Project 1-570] Preparing netlist for logic optimization
INFO: [Opt 31-138] Pushed 0 inverter(s) to 0 load pin(s).
Netlist sorting complete. Time (s): cpu = 00:00:00 ; elapsed = 00:00:00 . Memory (MB): peak = 1922.457 ; gain = 0.000
INFO: [Project 1-111] Unisim Transformation Summary:
No Unisim elements were transformed.

Synth Design complete | Checksum: f6052df6
INFO: [Common 17-83] Releasing license: Synthesis
41 Infos, 25 Warnings, 0 Critical Warnings and 0 Errors encountered.
synth_design completed successfully
synth_design: Time (s): cpu = 00:01:25 ; elapsed = 00:01:36 . Memory (MB): peak = 1922.457 ; gain = 1335.570
Write ShapeDB Complete: Time (s): cpu = 00:00:00 ; elapsed = 00:00:00.002 . Memory (MB): peak = 1922.457 ; gain = 0.000
INFO: [Common 17-1381] The checkpoint 'D:/ash/bitnew/CNN_Accelerator_Clean/vivado_workspace/LeNet_Accelerator.runs/synth_1/design_1_wrapper.dcp' has been generated.
INFO: [Vivado 12-24828] Executing command : report_utilization -file design_1_wrapper_utilization_synth.rpt -pb design_1_wrapper_utilization_synth.pb
INFO: [Common 17-206] Exiting Vivado at Thu Mar 12 15:14:15 2026...
